#-----------------------------------------------------------
# Vivado v2018.2 (64-bit)
# SW Build 2258646 on Thu Jun 14 20:03:12 MDT 2018
# IP Build 2256618 on Thu Jun 14 22:10:49 MDT 2018
# Start of session at: Mon Oct 28 09:59:30 2024
# Process ID: 21432
# Current directory: C:/Users/eayal/OneDrive/Desktop/CSM152A_repo/CSM152A/lab2
# Command line: vivado.exe -gui_launcher_event rodinguilauncherevent20292 C:\Users\eayal\OneDrive\Desktop\CSM152A_repo\CSM152A\lab2\lab2.xpr
# Log file: C:/Users/eayal/OneDrive/Desktop/CSM152A_repo/CSM152A/lab2/vivado.log
# Journal file: C:/Users/eayal/OneDrive/Desktop/CSM152A_repo/CSM152A/lab2\vivado.jou
#-----------------------------------------------------------
start_gui
open_project C:/Users/eayal/OneDrive/Desktop/CSM152A_repo/CSM152A/lab2/lab2.xpr
INFO: [Project 1-313] Project file moved from 'C:/Users/eayal/OneDrive/Desktop/CS_M152A_Labs/lab2' since last save.
Scanning sources...
Finished scanning sources
INFO: [IP_Flow 19-234] Refreshing IP repositories
INFO: [IP_Flow 19-1704] No user IP repositories specified
INFO: [IP_Flow 19-2313] Loaded Vivado IP repository 'C:/Xilinx/Vivado/2018.2/data/ip'.
open_project: Time (s): cpu = 00:00:21 ; elapsed = 00:00:18 . Memory (MB): peak = 843.449 ; gain = 119.379
update_compile_order -fileset sources_1
set_property SOURCE_SET sources_1 [get_filesets sim_1]
add_files -fileset sim_1 -norecurse C:/Users/eayal/OneDrive/Desktop/CSM152A_repo/CSM152A/lab2/lab2.srcs/sim_1/new/tb.v
update_compile_order -fileset sim_1
update_compile_order -fileset sim_1
exit
INFO: [Common 17-206] Exiting Vivado at Mon Oct 28 10:44:12 2024...
