#-----------------------------------------------------------
# Vivado v2018.2 (64-bit)
# SW Build 2258646 on Thu Jun 14 20:03:12 MDT 2018
# IP Build 2256618 on Thu Jun 14 22:10:49 MDT 2018
# Start of session at: Mon Oct 28 14:01:36 2024
# Process ID: 24260
# Current directory: D:/lab2
# Command line: vivado.exe -gui_launcher_event rodinguilauncherevent19648 D:\lab2\lab2.xpr
# Log file: D:/lab2/vivado.log
# Journal file: D:/lab2\vivado.jou
#-----------------------------------------------------------
start_gui
open_project D:/lab2/lab2.xpr
Scanning sources...
Finished scanning sources
INFO: [IP_Flow 19-234] Refreshing IP repositories
INFO: [IP_Flow 19-1704] No user IP repositories specified
INFO: [IP_Flow 19-2313] Loaded Vivado IP repository 'C:/Xilinx/Vivado/2018.2/data/ip'.
open_project: Time (s): cpu = 00:00:08 ; elapsed = 00:00:05 . Memory (MB): peak = 840.363 ; gain = 120.844
update_compile_order -fileset sources_1
exit
INFO: [Common 17-206] Exiting Vivado at Mon Oct 28 14:02:22 2024...
