Copyright 1986-2018 Xilinx, Inc. All Rights Reserved.
------------------------------------------------------------------------------------------------------------------
| Tool Version : Vivado v.2018.2 (win64) Build 2258646 Thu Jun 14 20:03:12 MDT 2018
| Date         : Sun Nov 17 05:30:48 2024
| Host         : LAPTOP-C9J81LRQ running 64-bit major release  (build 9200)
| Command      : report_drc -file stopwatch_drc_opted.rpt -pb stopwatch_drc_opted.pb -rpx stopwatch_drc_opted.rpx
| Design       : stopwatch
| Device       : xc7a35tcpg236-1
| Speed File   : -1
| Design State : Synthesized
------------------------------------------------------------------------------------------------------------------

Report DRC

Table of Contents
-----------------
1. REPORT SUMMARY
2. REPORT DETAILS

1. REPORT SUMMARY
-----------------
            Netlist: netlist
          Floorplan: design_1
      Design limits: <entire design considered>
           Ruledeck: default
             Max violations: <unlimited>
             Violations found: 1
+-------------+----------+-------------------------------------------------------------+------------+
| Rule        | Severity | Description                                                 | Violations |
+-------------+----------+-------------------------------------------------------------+------------+
| PLHOLDVIO-2 | Warning  | Non-Optimal connections which could lead to hold violations | 1          |
+-------------+----------+-------------------------------------------------------------+------------+

2. REPORT DETAILS
-----------------
PLHOLDVIO-2#1 Warning
Non-Optimal connections which could lead to hold violations  
A LUT divide/secs[5]_i_3 is driving clock pin of 12 cells. This could lead to large hold time violations. First few involved cells are:
    count/mins_reg[0] {FDCE}
    count/mins_reg[1] {FDCE}
    count/mins_reg[2] {FDCE}
    count/mins_reg[3] {FDCE}
    count/mins_reg[4] {FDCE}
    count/mins_reg[5] {FDCE}
    count/secs_reg[0] {FDCE}
    count/secs_reg[1] {FDCE}
    count/secs_reg[2] {FDCE}

Related violations: <none>


