Copyright 1986-2018 Xilinx, Inc. All Rights Reserved.
---------------------------------------------------------------------------------------------------------------------
| Tool Version : Vivado v.2018.2 (win64) Build 2258646 Thu Jun 14 20:03:12 MDT 2018
| Date         : Sun Nov 17 02:32:03 2024
| Host         : LAPTOP-C9J81LRQ running 64-bit major release  (build 9200)
| Command      : report_drc -file stopwatch_drc_routed.rpt -pb stopwatch_drc_routed.pb -rpx stopwatch_drc_routed.rpx
| Design       : stopwatch
| Device       : xc7a35tcpg236-1
| Speed File   : -1
| Design State : Routed
---------------------------------------------------------------------------------------------------------------------

Report DRC

Table of Contents
-----------------
1. REPORT SUMMARY
2. REPORT DETAILS

1. REPORT SUMMARY
-----------------
            Netlist: netlist
          Floorplan: design_1
      Design limits: <entire design considered>
           Ruledeck: default
             Max violations: <unlimited>
             Violations found: 1
+----------+----------+-------------------+------------+
| Rule     | Severity | Description       | Violations |
+----------+----------+-------------------+------------+
| PDRC-153 | Warning  | Gated clock check | 1          |
+----------+----------+-------------------+------------+

2. REPORT DETAILS
-----------------
PDRC-153#1 Warning
Gated clock check  
Net count/pause_flag_reg_LDC_i_1_n_0 is a gated clock net sourced by a combinational pin count/pause_flag_reg_LDC_i_1/O, cell count/pause_flag_reg_LDC_i_1. This is not good design practice and will likely impact performance. For SLICE registers, for example, use the CE pin to control the loading of data.
Related violations: <none>


