#-----------------------------------------------------------
# Vivado v2018.2 (64-bit)
# SW Build 2258646 on Thu Jun 14 20:03:12 MDT 2018
# IP Build 2256618 on Thu Jun 14 22:10:49 MDT 2018
# Start of session at: Tue Nov 12 16:04:16 2024
# Process ID: 10476
# Current directory: C:/Users/eayal/OneDrive/Desktop/CS_M152A_Labs/lab3
# Command line: vivado.exe -gui_launcher_event rodinguilauncherevent14192 C:\Users\eayal\OneDrive\Desktop\CS_M152A_Labs\lab3\lab3.xpr
# Log file: C:/Users/eayal/OneDrive/Desktop/CS_M152A_Labs/lab3/vivado.log
# Journal file: C:/Users/eayal/OneDrive/Desktop/CS_M152A_Labs/lab3\vivado.jou
#-----------------------------------------------------------
start_gui
open_project C:/Users/eayal/OneDrive/Desktop/CS_M152A_Labs/lab3/lab3.xpr
Scanning sources...
Finished scanning sources
INFO: [IP_Flow 19-234] Refreshing IP repositories
INFO: [IP_Flow 19-1704] No user IP repositories specified
INFO: [IP_Flow 19-2313] Loaded Vivado IP repository 'C:/Xilinx/Vivado/2018.2/data/ip'.
open_project: Time (s): cpu = 00:00:08 ; elapsed = 00:00:08 . Memory (MB): peak = 830.734 ; gain = 120.215
update_compile_order -fileset sources_1
exit
INFO: [Common 17-206] Exiting Vivado at Tue Nov 12 16:06:35 2024...
